# JRE version: OpenJDK Runtime Environment (8.0_152-b01) (build 1.8.0_152-release-915-b01)
# Java VM: OpenJDK 64-Bit Server VM (25.152-b01 mixed mode windows-amd64 compressed oops)
Heap:
 PSYoungGen      total 214016K, used 28141K [0x00000000e0000000, 0x00000000f2300000, 0x0000000100000000)
  eden space 185856K, 0% used [0x00000000e0000000,0x00000000e0000000,0x00000000eb580000)
  from space 28160K, 99% used [0x00000000edb80000,0x00000000ef6fb588,0x00000000ef700000)
  to   space 38912K, 0% used [0x00000000eb580000,0x00000000eb580000,0x00000000edb80000)
 ParOldGen       total 105472K, used 98223K [0x00000000a0000000, 0x00000000a6700000, 0x00000000e0000000)
  object space 105472K, 93% used [0x00000000a0000000,0x00000000a5febef8,0x00000000a6700000)
 Metaspace       used 76959K, capacity 81309K, committed 81624K, reserved 1120256K
  class space    used 9899K, capacity 10933K, committed 11008K, reserved 1048576K
GC Heap History (10 events):
Event: 1158.656 GC heap after
Heap after GC invocations=23 (full 3):
 PSYoungGen      total 205312K, used 22525K [0x00000000e0000000, 0x00000000f0480000, 0x0000000100000000)
  eden space 182784K, 0% used [0x00000000e0000000,0x00000000e0000000,0x00000000eb280000)
  from space 22528K, 99% used [0x00000000ed180000,0x00000000ee77f7c0,0x00000000ee780000)
  to   space 31744K, 0% used [0x00000000eb280000,0x00000000eb280000,0x00000000ed180000)
 ParOldGen       total 105472K, used 72544K [0x00000000a0000000, 0x00000000a6700000, 0x00000000e0000000)
  object space 105472K, 68% used [0x00000000a0000000,0x00000000a46d8190,0x00000000a6700000)
 Metaspace       used 73030K, capacity 76295K, committed 76632K, reserved 1116160K
  class space    used 9458K, capacity 10262K, committed 10368K, reserved 1048576K
}
Event: 1646.851 GC heap before
{Heap before GC invocations=24 (full 3):
 PSYoungGen      total 205312K, used 205309K [0x00000000e0000000, 0x00000000f0480000, 0x0000000100000000)
  eden space 182784K, 100% used [0x00000000e0000000,0x00000000eb280000,0x00000000eb280000)
  from space 22528K, 99% used [0x00000000ed180000,0x00000000ee77f7c0,0x00000000ee780000)
  to   space 31744K, 0% used [0x00000000eb280000,0x00000000eb280000,0x00000000ed180000)
 ParOldGen       total 105472K, used 72544K [0x00000000a0000000, 0x00000000a6700000, 0x00000000e0000000)
  object space 105472K, 68% used [0x00000000a0000000,0x00000000a46d8190,0x00000000a6700000)
 Metaspace       used 75607K, capacity 79275K, committed 79320K, reserved 1118208K
  class space    used 9817K, capacity 10712K, committed 10752K, reserved 1048576K
Event: 1646.876 GC heap after
Heap after GC invocations=24 (full 3):
 PSYoungGen      total 214528K, used 9971K [0x00000000e0000000, 0x00000000f0780000, 0x0000000100000000)
  eden space 182784K, 0% used [0x00000000e0000000,0x00000000e0000000,0x00000000eb280000)
  from space 31744K, 31% used [0x00000000eb280000,0x00000000ebc3cfa0,0x00000000ed180000)
  to   space 30208K, 0% used [0x00000000eea00000,0x00000000eea00000,0x00000000f0780000)
 ParOldGen       total 105472K, used 81933K [0x00000000a0000000, 0x00000000a6700000, 0x00000000e0000000)
  object space 105472K, 77% used [0x00000000a0000000,0x00000000a5003798,0x00000000a6700000)
 Metaspace       used 75607K, capacity 79275K, committed 79320K, reserved 1118208K
  class space    used 9817K, capacity 10712K, committed 10752K, reserved 1048576K
}
Event: 2131.915 GC heap before
{Heap before GC invocations=25 (full 3):
 PSYoungGen      total 214528K, used 192755K [0x00000000e0000000, 0x00000000f0780000, 0x0000000100000000)
  eden space 182784K, 100% used [0x00000000e0000000,0x00000000eb280000,0x00000000eb280000)
  from space 31744K, 31% used [0x00000000eb280000,0x00000000ebc3cfa0,0x00000000ed180000)
  to   space 30208K, 0% used [0x00000000eea00000,0x00000000eea00000,0x00000000f0780000)
 ParOldGen       total 105472K, used 81933K [0x00000000a0000000, 0x00000000a6700000, 0x00000000e0000000)
  object space 105472K, 77% used [0x00000000a0000000,0x00000000a5003798,0x00000000a6700000)
 Metaspace       used 76029K, capacity 80057K, committed 80216K, reserved 1118208K
  class space    used 9852K, capacity 10797K, committed 10880K, reserved 1048576K
Event: 2131.931 GC heap after
Heap after GC invocations=25 (full 3):
 PSYoungGen      total 229376K, used 7168K [0x00000000e0000000, 0x00000000f0200000, 0x0000000100000000)
  eden space 204800K, 0% used [0x00000000e0000000,0x00000000e0000000,0x00000000ec800000)
  from space 24576K, 29% used [0x00000000eea00000,0x00000000ef100010,0x00000000f0200000)
  to   space 29696K, 0% used [0x00000000ec800000,0x00000000ec800000,0x00000000ee500000)
 ParOldGen       total 105472K, used 81941K [0x00000000a0000000, 0x00000000a6700000, 0x00000000e0000000)
  object space 105472K, 77% used [0x00000000a0000000,0x00000000a5005798,0x00000000a6700000)
 Metaspace       used 76029K, capacity 80057K, committed 80216K, reserved 1118208K
  class space    used 9852K, capacity 10797K, committed 10880K, reserved 1048576K
}
Event: 2252.450 GC heap before
{Heap before GC invocations=26 (full 3):
 PSYoungGen      total 229376K, used 211968K [0x00000000e0000000, 0x00000000f0200000, 0x0000000100000000)
  eden space 204800K, 100% used [0x00000000e0000000,0x00000000ec800000,0x00000000ec800000)
  from space 24576K, 29% used [0x00000000eea00000,0x00000000ef100010,0x00000000f0200000)
  to   space 29696K, 0% used [0x00000000ec800000,0x00000000ec800000,0x00000000ee500000)
 ParOldGen       total 105472K, used 81941K [0x00000000a0000000, 0x00000000a6700000, 0x00000000e0000000)
  object space 105472K, 77% used [0x00000000a0000000,0x00000000a5005798,0x00000000a6700000)
 Metaspace       used 76694K, capacity 80953K, committed 81112K, reserved 1120256K
  class space    used 9896K, capacity 10927K, committed 11008K, reserved 1048576K
Event: 2252.466 GC heap after
Heap after GC invocations=26 (full 3):
 PSYoungGen      total 205312K, used 8480K [0x00000000e0000000, 0x00000000ef700000, 0x0000000100000000)
  eden space 196608K, 0% used [0x00000000e0000000,0x00000000e0000000,0x00000000ec000000)
  from space 8704K, 97% used [0x00000000ec800000,0x00000000ed048030,0x00000000ed080000)
  to   space 28160K, 0% used [0x00000000edb80000,0x00000000edb80000,0x00000000ef700000)
 ParOldGen       total 105472K, used 81949K [0x00000000a0000000, 0x00000000a6700000, 0x00000000e0000000)
  object space 105472K, 77% used [0x00000000a0000000,0x00000000a5007798,0x00000000a6700000)
 Metaspace       used 76694K, capacity 80953K, committed 81112K, reserved 1120256K
  class space    used 9896K, capacity 10927K, committed 11008K, reserved 1048576K
}
Event: 2254.824 GC heap before
{Heap before GC invocations=27 (full 3):
 PSYoungGen      total 205312K, used 205088K [0x00000000e0000000, 0x00000000ef700000, 0x0000000100000000)
  eden space 196608K, 100% used [0x00000000e0000000,0x00000000ec000000,0x00000000ec000000)
  from space 8704K, 97% used [0x00000000ec800000,0x00000000ed048030,0x00000000ed080000)
  to   space 28160K, 0% used [0x00000000edb80000,0x00000000edb80000,0x00000000ef700000)
 ParOldGen       total 105472K, used 81949K [0x00000000a0000000, 0x00000000a6700000, 0x00000000e0000000)
  object space 105472K, 77% used [0x00000000a0000000,0x00000000a5007798,0x00000000a6700000)
 Metaspace       used 76959K, capacity 81309K, committed 81624K, reserved 1120256K
  class space    used 9899K, capacity 10933K, committed 11008K, reserved 1048576K
Event: 2254.866 GC heap after
Heap after GC invocations=27 (full 3):
 PSYoungGen      total 214016K, used 28141K [0x00000000e0000000, 0x00000000f2300000, 0x0000000100000000)
  eden space 185856K, 0% used [0x00000000e0000000,0x00000000e0000000,0x00000000eb580000)
  from space 28160K, 99% used [0x00000000edb80000,0x00000000ef6fb588,0x00000000ef700000)
  to   space 38912K, 0% used [0x00000000eb580000,0x00000000eb580000,0x00000000edb80000)
 ParOldGen       total 105472K, used 98223K [0x00000000a0000000, 0x00000000a6700000, 0x00000000e0000000)
  object space 105472K, 93% used [0x00000000a0000000,0x00000000a5febef8,0x00000000a6700000)
 Metaspace       used 76959K, capacity 81309K, committed 81624K, reserved 1120256K
  class space    used 9899K, capacity 10933K, committed 11008K, reserved 1048576K
}
Event: 2254.867 GC heap before
{Heap before GC invocations=28 (full 4):
 PSYoungGen      total 214016K, used 28141K [0x00000000e0000000, 0x00000000f2300000, 0x0000000100000000)
  eden space 185856K, 0% used [0x00000000e0000000,0x00000000e0000000,0x00000000eb580000)
  from space 28160K, 99% used [0x00000000edb80000,0x00000000ef6fb588,0x00000000ef700000)
  to   space 38912K, 0% used [0x00000000eb580000,0x00000000eb580000,0x00000000edb80000)
 ParOldGen       total 105472K, used 98223K [0x00000000a0000000, 0x00000000a6700000, 0x00000000e0000000)
  object space 105472K, 93% used [0x00000000a0000000,0x00000000a5febef8,0x00000000a6700000)
 Metaspace       used 76959K, capacity 81309K, committed 81624K, reserved 1120256K
  class space    used 9899K, capacity 10933K, committed 11008K, reserved 1048576K

